<?xml version="1.0" encoding="UTF-8"?>
<testsuite xmlns:xsi="http://www.w3.org/2001/XMLSchema-instance" xsi:noNamespaceSchemaLocation="https://maven.apache.org/surefire/maven-surefire-plugin/xsd/surefire-test-report.xsd" version="3.0.2" name="com.example.broker.topics.TopicControllerTest" time="10.066" tests="5" errors="0" skipped="0" failures="0">
  <properties>
[...]
</properties>
  <testcase name="create_whenValidRequest_thenReturns201" classname="com.example.broker.topics.TopicControllerTest" time="0.973">
    <system-out><![CDATA[15:14:04.660 [main] INFO org.springframework.test.context.support.AnnotationConfigContextLoaderUtils -- Could not detect default configuration classes for test class [com.example.broker.topics.TopicControllerTest]: TopicControllerTest does not declare any static, non-private, non-final, nested classes annotated with @Configuration.
15:14:05.210 [main] INFO org.springframework.boot.test.context.SpringBootTestContextBootstrapper -- Found @SpringBootConfiguration com.example.broker.BrokerApplication for test class com.example.broker.topics.TopicControllerTest

  .   ____          _            __ _ _
 /\\ / ___'_ __ _ _(_)_ __  __ _ \ \ \ \
( ( )\___ | '_ | '_| | '_ \/ _` | \ \ \ \
 \\/  ___)| |_)| | | | | || (_| |  ) ) ) )
  '  |____| .__|_| |_|_| |_\__, | / / / /
 =========|_|==============|___/=/_/_/_/

 :: Spring Boot ::                (v3.4.0)

2026-05-21T15:14:06.438-03:00  INFO 15929 --- [broker] [           main] c.e.broker.topics.TopicControllerTest    : Starting TopicControllerTest using Java 17.0.14 with PID 15929 (started by axelsirota in /Users/axelsirota/repos/cursor-course-templates)
2026-05-21T15:14:06.440-03:00 DEBUG 15929 --- [broker] [           main] c.e.broker.topics.TopicControllerTest    : Running with Spring Boot v3.4.0, Spring v6.2.0
2026-05-21T15:14:06.442-03:00  INFO 15929 --- [broker] [           main] c.e.broker.topics.TopicControllerTest    : No active profile set, falling back to 1 default profile: "default"
2026-05-21T15:14:12.646-03:00  INFO 15929 --- [broker] [           main] o.s.b.t.m.w.SpringBootMockServletContext : Initializing Spring TestDispatcherServlet ''
2026-05-21T15:14:12.647-03:00  INFO 15929 --- [broker] [           main] o.s.t.web.servlet.TestDispatcherServlet  : Initializing Servlet ''
2026-05-21T15:14:12.655-03:00  INFO 15929 --- [broker] [           main] o.s.t.web.servlet.TestDispatcherServlet  : Completed initialization in 3 ms
2026-05-21T15:14:13.004-03:00  INFO 15929 --- [broker] [           main] c.e.broker.topics.TopicControllerTest    : Started TopicControllerTest in 7.591 seconds (process running for 10.29)
]]></system-out>
  </testcase>
  <testcase name="create_whenDuplicate_thenReturns409" classname="com.example.broker.topics.TopicControllerTest" time="0.05"/>
  <testcase name="create_whenPatternViolation_thenReturns400" classname="com.example.broker.topics.TopicControllerTest" time="0.056"/>
  <testcase name="list_whenTopicsExist_thenReturnsArray" classname="com.example.broker.topics.TopicControllerTest" time="0.038"/>
  <testcase name="create_whenBlankName_thenReturns400" classname="com.example.broker.topics.TopicControllerTest" time="0.055"/>
</testsuite>